108.11.20 12:30 B C:\Program Files\Apache Group\Apache2\cgi-bin\onlineTPP\data\taxonomy\accompanier --> www.clres.com /cgi-bin/onlineTPP/data/taxonomy accompanier
108.11.20 12:30 B C:\Program Files\Apache Group\Apache2\cgi-bin\onlineTPP\data\taxonomy\accoutrement --> www.clres.com /cgi-bin/onlineTPP/data/taxonomy accoutrement
108.11.20 12:30 B C:\Program Files\Apache Group\Apache2\cgi-bin\onlineTPP\data\taxonomy\actionavoided --> www.clres.com /cgi-bin/onlineTPP/data/taxonomy actionavoided
108.11.20 12:30 B C:\Program Files\Apache Group\Apache2\cgi-bin\onlineTPP\data\taxonomy\actionomitted --> www.clres.com /cgi-bin/onlineTPP/data/taxonomy actionomitted
108.11.20 12:30 B C:\Program Files\Apache Group\Apache2\cgi-bin\onlineTPP\data\taxonomy\actionsignified --> www.clres.com /cgi-bin/onlineTPP/data/taxonomy actionsignified
108.11.20 12:30 B C:\Program Files\Apache Group\Apache2\cgi-bin\onlineTPP\data\taxonomy\activity --> www.clres.com /cgi-bin/onlineTPP/data/taxonomy activity
108.11.20 12:30 B C:\Program Files\Apache Group\Apache2\cgi-bin\onlineTPP\data\taxonomy\activityabandoned --> www.clres.com /cgi-bin/onlineTPP/data/taxonomy activityabandoned
108.11.20 12:30 B C:\Program Files\Apache Group\Apache2\cgi-bin\onlineTPP\data\taxonomy\activityanticipated --> www.clres.com /cgi-bin/onlineTPP/data/taxonomy activityanticipated
108.11.20 12:30 B C:\Program Files\Apache Group\Apache2\cgi-bin\onlineTPP\data\taxonomy\activitydecoy --> www.clres.com /cgi-bin/onlineTPP/data/taxonomy activitydecoy
108.11.20 12:30 B C:\Program Files\Apache Group\Apache2\cgi-bin\onlineTPP\data\taxonomy\activitylimiting --> www.clres.com /cgi-bin/onlineTPP/data/taxonomy activitylimiting
108.11.20 12:30 B C:\Program Files\Apache Group\Apache2\cgi-bin\onlineTPP\data\taxonomy\activityproposed --> www.clres.com /cgi-bin/onlineTPP/data/taxonomy activityproposed
108.11.20 12:30 B C:\Program Files\Apache Group\Apache2\cgi-bin\onlineTPP\data\taxonomy\activityreferenced --> www.clres.com /cgi-bin/onlineTPP/data/taxonomy activityreferenced
108.11.20 12:30 B C:\Program Files\Apache Group\Apache2\cgi-bin\onlineTPP\data\taxonomy\affectee --> www.clres.com /cgi-bin/onlineTPP/data/taxonomy affectee
108.11.20 12:30 B C:\Program Files\Apache Group\Apache2\cgi-bin\onlineTPP\data\taxonomy\age --> www.clres.com /cgi-bin/onlineTPP/data/taxonomy age
108.11.20 12:30 B C:\Program Files\Apache Group\Apache2\cgi-bin\onlineTPP\data\taxonomy\agent --> www.clres.com /cgi-bin/onlineTPP/data/taxonomy agent
108.11.20 12:30 B C:\Program Files\Apache Group\Apache2\cgi-bin\onlineTPP\data\taxonomy\all_against --> www.clres.com /cgi-bin/onlineTPP/data/taxonomy all_against
108.11.20 12:30 B C:\Program Files\Apache Group\Apache2\cgi-bin\onlineTPP\data\taxonomy\all_amid --> www.clres.com /cgi-bin/onlineTPP/data/taxonomy all_amid
108.11.20 12:30 B C:\Program Files\Apache Group\Apache2\cgi-bin\onlineTPP\data\taxonomy\all_amongst --> www.clres.com /cgi-bin/onlineTPP/data/taxonomy all_amongst
108.11.20 12:30 B C:\Program Files\Apache Group\Apache2\cgi-bin\onlineTPP\data\taxonomy\all_athwart --> www.clres.com /cgi-bin/onlineTPP/data/taxonomy all_athwart
108.11.20 12:30 B C:\Program Files\Apache Group\Apache2\cgi-bin\onlineTPP\data\taxonomy\all_before --> www.clres.com /cgi-bin/onlineTPP/data/taxonomy all_before
108.11.20 12:30 B C:\Program Files\Apache Group\Apache2\cgi-bin\onlineTPP\data\taxonomy\all_beneath --> www.clres.com /cgi-bin/onlineTPP/data/taxonomy all_beneath
108.11.20 12:30 B C:\Program Files\Apache Group\Apache2\cgi-bin\onlineTPP\data\taxonomy\all_between --> www.clres.com /cgi-bin/onlineTPP/data/taxonomy all_between
108.11.20 12:30 B C:\Program Files\Apache Group\Apache2\cgi-bin\onlineTPP\data\taxonomy\all_from --> www.clres.com /cgi-bin/onlineTPP/data/taxonomy all_from
108.11.20 12:30 B C:\Program Files\Apache Group\Apache2\cgi-bin\onlineTPP\data\taxonomy\all_near --> www.clres.com /cgi-bin/onlineTPP/data/taxonomy all_near
108.11.20 12:30 B C:\Program Files\Apache Group\Apache2\cgi-bin\onlineTPP\data\taxonomy\all_of --> www.clres.com /cgi-bin/onlineTPP/data/taxonomy all_of
108.11.20 12:30 B C:\Program Files\Apache Group\Apache2\cgi-bin\onlineTPP\data\taxonomy\all_out of --> www.clres.com /cgi-bin/onlineTPP/data/taxonomy all_out of
108.11.20 12:30 B C:\Program Files\Apache Group\Apache2\cgi-bin\onlineTPP\data\taxonomy\all_outside --> www.clres.com /cgi-bin/onlineTPP/data/taxonomy all_outside
108.11.20 12:30 B C:\Program Files\Apache Group\Apache2\cgi-bin\onlineTPP\data\taxonomy\all_over --> www.clres.com /cgi-bin/onlineTPP/data/taxonomy all_over
108.11.20 12:30 B C:\Program Files\Apache Group\Apache2\cgi-bin\onlineTPP\data\taxonomy\all_through --> www.clres.com /cgi-bin/onlineTPP/data/taxonomy all_through
108.11.20 12:30 B C:\Program Files\Apache Group\Apache2\cgi-bin\onlineTPP\data\taxonomy\all_towards --> www.clres.com /cgi-bin/onlineTPP/data/taxonomy all_towards
108.11.20 12:30 B C:\Program Files\Apache Group\Apache2\cgi-bin\onlineTPP\data\taxonomy\all_until --> www.clres.com /cgi-bin/onlineTPP/data/taxonomy all_until
108.11.20 12:30 B C:\Program Files\Apache Group\Apache2\cgi-bin\onlineTPP\data\taxonomy\all_upon --> www.clres.com /cgi-bin/onlineTPP/data/taxonomy all_upon
108.11.20 12:30 B C:\Program Files\Apache Group\Apache2\cgi-bin\onlineTPP\data\taxonomy\all_without --> www.clres.com /cgi-bin/onlineTPP/data/taxonomy all_without
108.11.20 12:30 B C:\Program Files\Apache Group\Apache2\cgi-bin\onlineTPP\data\taxonomy\amount --> www.clres.com /cgi-bin/onlineTPP/data/taxonomy amount
108.11.20 12:30 B C:\Program Files\Apache Group\Apache2\cgi-bin\onlineTPP\data\taxonomy\amountadded --> www.clres.com /cgi-bin/onlineTPP/data/taxonomy amountadded
108.11.20 12:30 B C:\Program Files\Apache Group\Apache2\cgi-bin\onlineTPP\data\taxonomy\amountofvariance --> www.clres.com /cgi-bin/onlineTPP/data/taxonomy amountofvariance
108.11.20 12:30 B C:\Program Files\Apache Group\Apache2\cgi-bin\onlineTPP\data\taxonomy\antagonist --> www.clres.com /cgi-bin/onlineTPP/data/taxonomy antagonist
108.11.20 12:30 B C:\Program Files\Apache Group\Apache2\cgi-bin\onlineTPP\data\taxonomy\antagonists --> www.clres.com /cgi-bin/onlineTPP/data/taxonomy antagonists
108.11.20 12:30 B C:\Program Files\Apache Group\Apache2\cgi-bin\onlineTPP\data\taxonomy\approximation --> www.clres.com /cgi-bin/onlineTPP/data/taxonomy approximation
108.11.20 12:30 B C:\Program Files\Apache Group\Apache2\cgi-bin\onlineTPP\data\taxonomy\areabounded --> www.clres.com /cgi-bin/onlineTPP/data/taxonomy areabounded
108.11.20 12:30 B C:\Program Files\Apache Group\Apache2\cgi-bin\onlineTPP\data\taxonomy\aspect --> www.clres.com /cgi-bin/onlineTPP/data/taxonomy aspect
108.11.20 12:30 B C:\Program Files\Apache Group\Apache2\cgi-bin\onlineTPP\data\taxonomy\authority --> www.clres.com /cgi-bin/onlineTPP/data/taxonomy authority
108.11.20 12:30 B C:\Program Files\Apache Group\Apache2\cgi-bin\onlineTPP\data\taxonomy\authorityfacing --> www.clres.com /cgi-bin/onlineTPP/data/taxonomy authorityfacing
108.11.20 12:30 B C:\Program Files\Apache Group\Apache2\cgi-bin\onlineTPP\data\taxonomy\backdrop --> www.clres.com /cgi-bin/onlineTPP/data/taxonomy backdrop
108.11.20 12:30 B C:\Program Files\Apache Group\Apache2\cgi-bin\onlineTPP\data\taxonomy\backstop --> www.clres.com /cgi-bin/onlineTPP/data/taxonomy backstop
108.11.20 12:30 B C:\Program Files\Apache Group\Apache2\cgi-bin\onlineTPP\data\taxonomy\barrier --> www.clres.com /cgi-bin/onlineTPP/data/taxonomy barrier
108.11.20 12:30 B C:\Program Files\Apache Group\Apache2\cgi-bin\onlineTPP\data\taxonomy\basis --> www.clres.com /cgi-bin/onlineTPP/data/taxonomy basis
108.11.20 12:30 B C:\Program Files\Apache Group\Apache2\cgi-bin\onlineTPP\data\taxonomy\beneficiary --> www.clres.com /cgi-bin/onlineTPP/data/taxonomy beneficiary
108.11.20 12:30 B C:\Program Files\Apache Group\Apache2\cgi-bin\onlineTPP\data\taxonomy\bodypart --> www.clres.com /cgi-bin/onlineTPP/data/taxonomy bodypart
108.11.20 12:30 B C:\Program Files\Apache Group\Apache2\cgi-bin\onlineTPP\data\taxonomy\bodypartpermeated --> www.clres.com /cgi-bin/onlineTPP/data/taxonomy bodypartpermeated
108.11.20 12:30 B C:\Program Files\Apache Group\Apache2\cgi-bin\onlineTPP\data\taxonomy\boundary --> www.clres.com /cgi-bin/onlineTPP/data/taxonomy boundary
108.11.20 12:30 B C:\Program Files\Apache Group\Apache2\cgi-bin\onlineTPP\data\taxonomy\boundarymarker --> www.clres.com /cgi-bin/onlineTPP/data/taxonomy boundarymarker
108.11.20 12:30 B C:\Program Files\Apache Group\Apache2\cgi-bin\onlineTPP\data\taxonomy\cause --> www.clres.com /cgi-bin/onlineTPP/data/taxonomy cause
108.11.20 12:30 B C:\Program Files\Apache Group\Apache2\cgi-bin\onlineTPP\data\taxonomy\challenge --> www.clres.com /cgi-bin/onlineTPP/data/taxonomy challenge
108.11.20 12:30 B C:\Program Files\Apache Group\Apache2\cgi-bin\onlineTPP\data\taxonomy\channeltransited --> www.clres.com /cgi-bin/onlineTPP/data/taxonomy channeltransited
108.11.20 12:30 B C:\Program Files\Apache Group\Apache2\cgi-bin\onlineTPP\data\taxonomy\circumstances --> www.clres.com /cgi-bin/onlineTPP/data/taxonomy circumstances
108.11.20 12:30 B C:\Program Files\Apache Group\Apache2\cgi-bin\onlineTPP\data\taxonomy\classifier --> www.clres.com /cgi-bin/onlineTPP/data/taxonomy classifier
108.11.20 12:30 B C:\Program Files\Apache Group\Apache2\cgi-bin\onlineTPP\data\taxonomy\coexistant --> www.clres.com /cgi-bin/onlineTPP/data/taxonomy coexistant
108.11.20 12:30 B C:\Program Files\Apache Group\Apache2\cgi-bin\onlineTPP\data\taxonomy\collateral --> www.clres.com /cgi-bin/onlineTPP/data/taxonomy collateral
108.11.20 12:30 B C:\Program Files\Apache Group\Apache2\cgi-bin\onlineTPP\data\taxonomy\colleague --> www.clres.com /cgi-bin/onlineTPP/data/taxonomy colleague
108.11.20 12:30 B C:\Program Files\Apache Group\Apache2\cgi-bin\onlineTPP\data\taxonomy\comparator --> www.clres.com /cgi-bin/onlineTPP/data/taxonomy comparator
108.11.20 12:30 B C:\Program Files\Apache Group\Apache2\cgi-bin\onlineTPP\data\taxonomy\comparators --> www.clres.com /cgi-bin/onlineTPP/data/taxonomy comparators
108.11.20 12:30 B C:\Program Files\Apache Group\Apache2\cgi-bin\onlineTPP\data\taxonomy\competitorahead --> www.clres.com /cgi-bin/onlineTPP/data/taxonomy competitorahead
108.11.20 12:30 B C:\Program Files\Apache Group\Apache2\cgi-bin\onlineTPP\data\taxonomy\concomitant --> www.clres.com /cgi-bin/onlineTPP/data/taxonomy concomitant
108.11.20 12:30 B C:\Program Files\Apache Group\Apache2\cgi-bin\onlineTPP\data\taxonomy\concurrent --> www.clres.com /cgi-bin/onlineTPP/data/taxonomy concurrent
108.11.20 12:30 B C:\Program Files\Apache Group\Apache2\cgi-bin\onlineTPP\data\taxonomy\condition --> www.clres.com /cgi-bin/onlineTPP/data/taxonomy condition
108.11.20 12:30 B C:\Program Files\Apache Group\Apache2\cgi-bin\onlineTPP\data\taxonomy\conditionapproached --> www.clres.com /cgi-bin/onlineTPP/data/taxonomy conditionapproached
108.11.20 12:30 B C:\Program Files\Apache Group\Apache2\cgi-bin\onlineTPP\data\taxonomy\conditionresulting --> www.clres.com /cgi-bin/onlineTPP/data/taxonomy conditionresulting
108.11.20 12:30 B C:\Program Files\Apache Group\Apache2\cgi-bin\onlineTPP\data\taxonomy\consequence --> www.clres.com /cgi-bin/onlineTPP/data/taxonomy consequence
108.11.20 12:30 B C:\Program Files\Apache Group\Apache2\cgi-bin\onlineTPP\data\taxonomy\constituent --> www.clres.com /cgi-bin/onlineTPP/data/taxonomy constituent
108.11.20 12:30 B C:\Program Files\Apache Group\Apache2\cgi-bin\onlineTPP\data\taxonomy\contents --> www.clres.com /cgi-bin/onlineTPP/data/taxonomy contents
108.11.20 12:30 B C:\Program Files\Apache Group\Apache2\cgi-bin\onlineTPP\data\taxonomy\contestant --> www.clres.com /cgi-bin/onlineTPP/data/taxonomy contestant
108.11.20 12:30 B C:\Program Files\Apache Group\Apache2\cgi-bin\onlineTPP\data\taxonomy\contraindicator --> www.clres.com /cgi-bin/onlineTPP/data/taxonomy contraindicator
108.11.20 12:30 B C:\Program Files\Apache Group\Apache2\cgi-bin\onlineTPP\data\taxonomy\contrastor --> www.clres.com /cgi-bin/onlineTPP/data/taxonomy contrastor
108.11.20 12:30 B C:\Program Files\Apache Group\Apache2\cgi-bin\onlineTPP\data\taxonomy\conveyance --> www.clres.com /cgi-bin/onlineTPP/data/taxonomy conveyance
108.11.20 12:30 B C:\Program Files\Apache Group\Apache2\cgi-bin\onlineTPP\data\taxonomy\coparticipant --> www.clres.com /cgi-bin/onlineTPP/data/taxonomy coparticipant
108.11.20 12:30 B C:\Program Files\Apache Group\Apache2\cgi-bin\onlineTPP\data\taxonomy\coparticipants --> www.clres.com /cgi-bin/onlineTPP/data/taxonomy coparticipants
108.11.20 12:30 B C:\Program Files\Apache Group\Apache2\cgi-bin\onlineTPP\data\taxonomy\coresultant --> www.clres.com /cgi-bin/onlineTPP/data/taxonomy coresultant
108.11.20 12:30 B C:\Program Files\Apache Group\Apache2\cgi-bin\onlineTPP\data\taxonomy\costar --> www.clres.com /cgi-bin/onlineTPP/data/taxonomy costar
108.11.20 12:30 B C:\Program Files\Apache Group\Apache2\cgi-bin\onlineTPP\data\taxonomy\creator --> www.clres.com /cgi-bin/onlineTPP/data/taxonomy creator
108.11.20 12:30 B C:\Program Files\Apache Group\Apache2\cgi-bin\onlineTPP\data\taxonomy\crop --> www.clres.com /cgi-bin/onlineTPP/data/taxonomy crop
108.11.20 12:30 B C:\Program Files\Apache Group\Apache2\cgi-bin\onlineTPP\data\taxonomy\dateofcreation --> www.clres.com /cgi-bin/onlineTPP/data/taxonomy dateofcreation
108.11.20 12:30 B C:\Program Files\Apache Group\Apache2\cgi-bin\onlineTPP\data\taxonomy\dateofrecord --> www.clres.com /cgi-bin/onlineTPP/data/taxonomy dateofrecord
108.11.20 12:30 B C:\Program Files\Apache Group\Apache2\cgi-bin\onlineTPP\data\taxonomy\day --> www.clres.com /cgi-bin/onlineTPP/data/taxonomy day
108.11.20 12:30 B C:\Program Files\Apache Group\Apache2\cgi-bin\onlineTPP\data\taxonomy\dearth --> www.clres.com /cgi-bin/onlineTPP/data/taxonomy dearth
108.11.20 12:30 B C:\Program Files\Apache Group\Apache2\cgi-bin\onlineTPP\data\taxonomy\debitentry --> www.clres.com /cgi-bin/onlineTPP/data/taxonomy debitentry
108.11.20 12:30 B C:\Program Files\Apache Group\Apache2\cgi-bin\onlineTPP\data\taxonomy\definingquality --> www.clres.com /cgi-bin/onlineTPP/data/taxonomy definingquality
108.11.20 12:30 B C:\Program Files\Apache Group\Apache2\cgi-bin\onlineTPP\data\taxonomy\degrees --> www.clres.com /cgi-bin/onlineTPP/data/taxonomy degrees
108.11.20 12:30 B C:\Program Files\Apache Group\Apache2\cgi-bin\onlineTPP\data\taxonomy\destination --> www.clres.com /cgi-bin/onlineTPP/data/taxonomy destination
108.11.20 12:30 B C:\Program Files\Apache Group\Apache2\cgi-bin\onlineTPP\data\taxonomy\deviceinheraldry --> www.clres.com /cgi-bin/onlineTPP/data/taxonomy deviceinheraldry
108.11.20 12:30 B C:\Program Files\Apache Group\Apache2\cgi-bin\onlineTPP\data\taxonomy\directional --> www.clres.com /cgi-bin/onlineTPP/data/taxonomy directional
108.11.20 12:30 B C:\Program Files\Apache Group\Apache2\cgi-bin\onlineTPP\data\taxonomy\dish --> www.clres.com /cgi-bin/onlineTPP/data/taxonomy dish
108.11.20 12:30 B C:\Program Files\Apache Group\Apache2\cgi-bin\onlineTPP\data\taxonomy\disharmonizer --> www.clres.com /cgi-bin/onlineTPP/data/taxonomy disharmonizer
108.11.20 12:30 B C:\Program Files\Apache Group\Apache2\cgi-bin\onlineTPP\data\taxonomy\distance --> www.clres.com /cgi-bin/onlineTPP/data/taxonomy distance
108.11.20 12:30 B C:\Program Files\Apache Group\Apache2\cgi-bin\onlineTPP\data\taxonomy\distancelimit --> www.clres.com /cgi-bin/onlineTPP/data/taxonomy distancelimit
108.11.20 12:30 B C:\Program Files\Apache Group\Apache2\cgi-bin\onlineTPP\data\taxonomy\distancetransited --> www.clres.com /cgi-bin/onlineTPP/data/taxonomy distancetransited
108.11.20 12:30 B C:\Program Files\Apache Group\Apache2\cgi-bin\onlineTPP\data\taxonomy\dividend --> www.clres.com /cgi-bin/onlineTPP/data/taxonomy dividend
108.11.20 12:30 B C:\Program Files\Apache Group\Apache2\cgi-bin\onlineTPP\data\taxonomy\documentreferenced --> www.clres.com /cgi-bin/onlineTPP/data/taxonomy documentreferenced
108.11.20 12:30 B C:\Program Files\Apache Group\Apache2\cgi-bin\onlineTPP\data\taxonomy\doubles --> www.clres.com /cgi-bin/onlineTPP/data/taxonomy doubles
108.11.20 12:30 B C:\Program Files\Apache Group\Apache2\cgi-bin\onlineTPP\data\taxonomy\downside --> www.clres.com /cgi-bin/onlineTPP/data/taxonomy downside
108.11.20 12:30 B C:\Program Files\Apache Group\Apache2\cgi-bin\onlineTPP\data\taxonomy\drownedsound --> www.clres.com /cgi-bin/onlineTPP/data/taxonomy drownedsound
108.11.20 12:30 B C:\Program Files\Apache Group\Apache2\cgi-bin\onlineTPP\data\taxonomy\drug --> www.clres.com /cgi-bin/onlineTPP/data/taxonomy drug
108.11.20 12:30 B C:\Program Files\Apache Group\Apache2\cgi-bin\onlineTPP\data\taxonomy\employer --> www.clres.com /cgi-bin/onlineTPP/data/taxonomy employer
108.11.20 12:30 B C:\Program Files\Apache Group\Apache2\cgi-bin\onlineTPP\data\taxonomy\enthusiasm --> www.clres.com /cgi-bin/onlineTPP/data/taxonomy enthusiasm
108.11.20 12:30 B C:\Program Files\Apache Group\Apache2\cgi-bin\onlineTPP\data\taxonomy\entityadvanced --> www.clres.com /cgi-bin/onlineTPP/data/taxonomy entityadvanced
108.11.20 12:30 B C:\Program Files\Apache Group\Apache2\cgi-bin\onlineTPP\data\taxonomy\entityconfronting --> www.clres.com /cgi-bin/onlineTPP/data/taxonomy entityconfronting
108.11.20 12:30 B C:\Program Files\Apache Group\Apache2\cgi-bin\onlineTPP\data\taxonomy\entityenclosing --> www.clres.com /cgi-bin/onlineTPP/data/taxonomy entityenclosing
108.11.20 12:30 B C:\Program Files\Apache Group\Apache2\cgi-bin\onlineTPP\data\taxonomy\entitylimiting --> www.clres.com /cgi-bin/onlineTPP/data/taxonomy entitylimiting
108.11.20 12:30 B C:\Program Files\Apache Group\Apache2\cgi-bin\onlineTPP\data\taxonomy\entitysimilar --> www.clres.com /cgi-bin/onlineTPP/data/taxonomy entitysimilar
108.11.20 12:30 B C:\Program Files\Apache Group\Apache2\cgi-bin\onlineTPP\data\taxonomy\entitysubordinate --> www.clres.com /cgi-bin/onlineTPP/data/taxonomy entitysubordinate
108.11.20 12:30 B C:\Program Files\Apache Group\Apache2\cgi-bin\onlineTPP\data\taxonomy\entrypreceding --> www.clres.com /cgi-bin/onlineTPP/data/taxonomy entrypreceding
108.11.20 12:30 B C:\Program Files\Apache Group\Apache2\cgi-bin\onlineTPP\data\taxonomy\eventafter --> www.clres.com /cgi-bin/onlineTPP/data/taxonomy eventafter
108.11.20 12:30 B C:\Program Files\Apache Group\Apache2\cgi-bin\onlineTPP\data\taxonomy\eventarising --> www.clres.com /cgi-bin/onlineTPP/data/taxonomy eventarising
108.11.20 12:30 B C:\Program Files\Apache Group\Apache2\cgi-bin\onlineTPP\data\taxonomy\eventinfuture --> www.clres.com /cgi-bin/onlineTPP/data/taxonomy eventinfuture
108.11.20 12:30 B C:\Program Files\Apache Group\Apache2\cgi-bin\onlineTPP\data\taxonomy\eventintime --> www.clres.com /cgi-bin/onlineTPP/data/taxonomy eventintime
108.11.20 12:30 B C:\Program Files\Apache Group\Apache2\cgi-bin\onlineTPP\data\taxonomy\eventpreceding --> www.clres.com /cgi-bin/onlineTPP/data/taxonomy eventpreceding
108.11.20 12:30 B C:\Program Files\Apache Group\Apache2\cgi-bin\onlineTPP\data\taxonomy\example --> www.clres.com /cgi-bin/onlineTPP/data/taxonomy example
108.11.20 12:30 B C:\Program Files\Apache Group\Apache2\cgi-bin\onlineTPP\data\taxonomy\exception --> www.clres.com /cgi-bin/onlineTPP/data/taxonomy exception
108.11.20 12:30 B C:\Program Files\Apache Group\Apache2\cgi-bin\onlineTPP\data\taxonomy\exemplar --> www.clres.com /cgi-bin/onlineTPP/data/taxonomy exemplar
108.11.20 12:30 B C:\Program Files\Apache Group\Apache2\cgi-bin\onlineTPP\data\taxonomy\experiencer --> www.clres.com /cgi-bin/onlineTPP/data/taxonomy experiencer
108.11.20 12:30 B C:\Program Files\Apache Group\Apache2\cgi-bin\onlineTPP\data\taxonomy\exponent --> www.clres.com /cgi-bin/onlineTPP/data/taxonomy exponent
108.11.20 12:30 B C:\Program Files\Apache Group\Apache2\cgi-bin\onlineTPP\data\taxonomy\fleshencircled --> www.clres.com /cgi-bin/onlineTPP/data/taxonomy fleshencircled
108.11.20 12:30 B C:\Program Files\Apache Group\Apache2\cgi-bin\onlineTPP\data\taxonomy\forceopposing --> www.clres.com /cgi-bin/onlineTPP/data/taxonomy forceopposing
108.11.20 12:30 B C:\Program Files\Apache Group\Apache2\cgi-bin\onlineTPP\data\taxonomy\functionachieved --> www.clres.com /cgi-bin/onlineTPP/data/taxonomy functionachieved
108.11.20 12:30 B C:\Program Files\Apache Group\Apache2\cgi-bin\onlineTPP\data\taxonomy\functioncompared --> www.clres.com /cgi-bin/onlineTPP/data/taxonomy functioncompared
108.11.20 12:30 B C:\Program Files\Apache Group\Apache2\cgi-bin\onlineTPP\data\taxonomy\functionfulfilled --> www.clres.com /cgi-bin/onlineTPP/data/taxonomy functionfulfilled
108.11.20 12:30 B C:\Program Files\Apache Group\Apache2\cgi-bin\onlineTPP\data\taxonomy\gauge --> www.clres.com /cgi-bin/onlineTPP/data/taxonomy gauge
108.11.20 12:30 B C:\Program Files\Apache Group\Apache2\cgi-bin\onlineTPP\data\taxonomy\goalapproached --> www.clres.com /cgi-bin/onlineTPP/data/taxonomy goalapproached
108.11.20 12:30 B C:\Program Files\Apache Group\Apache2\cgi-bin\onlineTPP\data\taxonomy\grantor --> www.clres.com /cgi-bin/onlineTPP/data/taxonomy grantor
108.11.20 12:30 B C:\Program Files\Apache Group\Apache2\cgi-bin\onlineTPP\data\taxonomy\ground --> www.clres.com /cgi-bin/onlineTPP/data/taxonomy ground
108.11.20 12:30 B C:\Program Files\Apache Group\Apache2\cgi-bin\onlineTPP\data\taxonomy\groundofroute --> www.clres.com /cgi-bin/onlineTPP/data/taxonomy groundofroute
108.11.20 12:30 B C:\Program Files\Apache Group\Apache2\cgi-bin\onlineTPP\data\taxonomy\group --> www.clres.com /cgi-bin/onlineTPP/data/taxonomy group
108.11.20 12:30 B C:\Program Files\Apache Group\Apache2\cgi-bin\onlineTPP\data\taxonomy\handle --> www.clres.com /cgi-bin/onlineTPP/data/taxonomy handle
108.11.20 12:30 B C:\Program Files\Apache Group\Apache2\cgi-bin\onlineTPP\data\taxonomy\harmonizer --> www.clres.com /cgi-bin/onlineTPP/data/taxonomy harmonizer
108.11.20 12:30 B C:\Program Files\Apache Group\Apache2\cgi-bin\onlineTPP\data\taxonomy\heightequaled --> www.clres.com /cgi-bin/onlineTPP/data/taxonomy heightequaled
108.11.20 12:30 B C:\Program Files\Apache Group\Apache2\cgi-bin\onlineTPP\data\taxonomy\holder --> www.clres.com /cgi-bin/onlineTPP/data/taxonomy holder
108.11.20 12:30 B C:\Program Files\Apache Group\Apache2\cgi-bin\onlineTPP\data\taxonomy\horsesexcepted --> www.clres.com /cgi-bin/onlineTPP/data/taxonomy horsesexcepted
108.11.20 12:30 B C:\Program Files\Apache Group\Apache2\cgi-bin\onlineTPP\data\taxonomy\hour --> www.clres.com /cgi-bin/onlineTPP/data/taxonomy hour
108.11.20 12:30 B C:\Program Files\Apache Group\Apache2\cgi-bin\onlineTPP\data\taxonomy\impactee --> www.clres.com /cgi-bin/onlineTPP/data/taxonomy impactee
108.11.20 12:30 B C:\Program Files\Apache Group\Apache2\cgi-bin\onlineTPP\data\taxonomy\intermediary --> www.clres.com /cgi-bin/onlineTPP/data/taxonomy intermediary
108.11.20 12:30 B C:\Program Files\Apache Group\Apache2\cgi-bin\onlineTPP\data\taxonomy\itemcorrected --> www.clres.com /cgi-bin/onlineTPP/data/taxonomy itemcorrected
108.11.20 12:30 B C:\Program Files\Apache Group\Apache2\cgi-bin\onlineTPP\data\taxonomy\journey --> www.clres.com /cgi-bin/onlineTPP/data/taxonomy journey
108.11.20 12:30 B C:\Program Files\Apache Group\Apache2\cgi-bin\onlineTPP\data\taxonomy\level --> www.clres.com /cgi-bin/onlineTPP/data/taxonomy level
108.11.20 12:30 B C:\Program Files\Apache Group\Apache2\cgi-bin\onlineTPP\data\taxonomy\levelapproached --> www.clres.com /cgi-bin/onlineTPP/data/taxonomy levelapproached
108.11.20 12:30 B C:\Program Files\Apache Group\Apache2\cgi-bin\onlineTPP\data\taxonomy\magnitude --> www.clres.com /cgi-bin/onlineTPP/data/taxonomy magnitude
108.11.20 12:30 B C:\Program Files\Apache Group\Apache2\cgi-bin\onlineTPP\data\taxonomy\malady --> www.clres.com /cgi-bin/onlineTPP/data/taxonomy malady
108.11.20 12:30 B C:\Program Files\Apache Group\Apache2\cgi-bin\onlineTPP\data\taxonomy\manner&mood --> www.clres.com /cgi-bin/onlineTPP/data/taxonomy manner&mood
108.11.20 12:30 B C:\Program Files\Apache Group\Apache2\cgi-bin\onlineTPP\data\taxonomy\marginsize --> www.clres.com /cgi-bin/onlineTPP/data/taxonomy marginsize
108.11.20 12:30 B C:\Program Files\Apache Group\Apache2\cgi-bin\onlineTPP\data\taxonomy\material --> www.clres.com /cgi-bin/onlineTPP/data/taxonomy material
108.11.20 12:30 B C:\Program Files\Apache Group\Apache2\cgi-bin\onlineTPP\data\taxonomy\means --> www.clres.com /cgi-bin/onlineTPP/data/taxonomy means
108.11.20 12:30 B C:\Program Files\Apache Group\Apache2\cgi-bin\onlineTPP\data\taxonomy\meansmedium --> www.clres.com /cgi-bin/onlineTPP/data/taxonomy meansmedium
108.11.20 12:30 B C:\Program Files\Apache Group\Apache2\cgi-bin\onlineTPP\data\taxonomy\meanstoend --> www.clres.com /cgi-bin/onlineTPP/data/taxonomy meanstoend
108.11.20 12:30 B C:\Program Files\Apache Group\Apache2\cgi-bin\onlineTPP\data\taxonomy\medium --> www.clres.com /cgi-bin/onlineTPP/data/taxonomy medium
108.11.20 12:30 B C:\Program Files\Apache Group\Apache2\cgi-bin\onlineTPP\data\taxonomy\mediumofbroadcast --> www.clres.com /cgi-bin/onlineTPP/data/taxonomy mediumofbroadcast
108.11.20 12:30 B C:\Program Files\Apache Group\Apache2\cgi-bin\onlineTPP\data\taxonomy\mediumofinformation --> www.clres.com /cgi-bin/onlineTPP/data/taxonomy mediumofinformation
108.11.20 12:30 B C:\Program Files\Apache Group\Apache2\cgi-bin\onlineTPP\data\taxonomy\mediumofinstruction --> www.clres.com /cgi-bin/onlineTPP/data/taxonomy mediumofinstruction
108.11.20 12:30 B C:\Program Files\Apache Group\Apache2\cgi-bin\onlineTPP\data\taxonomy\member --> www.clres.com /cgi-bin/onlineTPP/data/taxonomy member
108.11.20 12:30 B C:\Program Files\Apache Group\Apache2\cgi-bin\onlineTPP\data\taxonomy\membership --> www.clres.com /cgi-bin/onlineTPP/data/taxonomy membership
108.11.20 12:30 B C:\Program Files\Apache Group\Apache2\cgi-bin\onlineTPP\data\taxonomy\mentation --> www.clres.com /cgi-bin/onlineTPP/data/taxonomy mentation
108.11.20 12:30 B C:\Program Files\Apache Group\Apache2\cgi-bin\onlineTPP\data\taxonomy\model --> www.clres.com /cgi-bin/onlineTPP/data/taxonomy model
108.11.20 12:30 B C:\Program Files\Apache Group\Apache2\cgi-bin\onlineTPP\data\taxonomy\modulus --> www.clres.com /cgi-bin/onlineTPP/data/taxonomy modulus
108.11.20 12:30 B C:\Program Files\Apache Group\Apache2\cgi-bin\onlineTPP\data\taxonomy\motiongoal --> www.clres.com /cgi-bin/onlineTPP/data/taxonomy motiongoal
108.11.20 12:30 B C:\Program Files\Apache Group\Apache2\cgi-bin\onlineTPP\data\taxonomy\multiplier --> www.clres.com /cgi-bin/onlineTPP/data/taxonomy multiplier
108.11.20 12:30 B C:\Program Files\Apache Group\Apache2\cgi-bin\onlineTPP\data\taxonomy\musicalkey --> www.clres.com /cgi-bin/onlineTPP/data/taxonomy musicalkey
108.11.20 12:30 B C:\Program Files\Apache Group\Apache2\cgi-bin\onlineTPP\data\taxonomy\nameused --> www.clres.com /cgi-bin/onlineTPP/data/taxonomy nameused
108.11.20 12:30 B C:\Program Files\Apache Group\Apache2\cgi-bin\onlineTPP\data\taxonomy\norm --> www.clres.com /cgi-bin/onlineTPP/data/taxonomy norm
108.11.20 12:30 B C:\Program Files\Apache Group\Apache2\cgi-bin\onlineTPP\data\taxonomy\normsuperior --> www.clres.com /cgi-bin/onlineTPP/data/taxonomy normsuperior
108.11.20 12:30 B C:\Program Files\Apache Group\Apache2\cgi-bin\onlineTPP\data\taxonomy\normsurpassed --> www.clres.com /cgi-bin/onlineTPP/data/taxonomy normsurpassed
108.11.20 12:30 B C:\Program Files\Apache Group\Apache2\cgi-bin\onlineTPP\data\taxonomy\numberreferenced --> www.clres.com /cgi-bin/onlineTPP/data/taxonomy numberreferenced
108.11.20 12:30 B C:\Program Files\Apache Group\Apache2\cgi-bin\onlineTPP\data\taxonomy\object --> www.clres.com /cgi-bin/onlineTPP/data/taxonomy object
108.11.20 12:30 B C:\Program Files\Apache Group\Apache2\cgi-bin\onlineTPP\data\taxonomy\objectattached --> www.clres.com /cgi-bin/onlineTPP/data/taxonomy objectattached
108.11.20 12:30 B C:\Program Files\Apache Group\Apache2\cgi-bin\onlineTPP\data\taxonomy\objectinfront --> www.clres.com /cgi-bin/onlineTPP/data/taxonomy objectinfront
108.11.20 12:30 B C:\Program Files\Apache Group\Apache2\cgi-bin\onlineTPP\data\taxonomy\objectofaffection --> www.clres.com /cgi-bin/onlineTPP/data/taxonomy objectofaffection
108.11.20 12:30 B C:\Program Files\Apache Group\Apache2\cgi-bin\onlineTPP\data\taxonomy\obstaclepassed --> www.clres.com /cgi-bin/onlineTPP/data/taxonomy obstaclepassed
108.11.20 12:30 B C:\Program Files\Apache Group\Apache2\cgi-bin\onlineTPP\data\taxonomy\occasion --> www.clres.com /cgi-bin/onlineTPP/data/taxonomy occasion
108.11.20 12:30 B C:\Program Files\Apache Group\Apache2\cgi-bin\onlineTPP\data\taxonomy\occupationabandoned --> www.clres.com /cgi-bin/onlineTPP/data/taxonomy occupationabandoned
108.11.20 12:30 B C:\Program Files\Apache Group\Apache2\cgi-bin\onlineTPP\data\taxonomy\operatingsystem --> www.clres.com /cgi-bin/onlineTPP/data/taxonomy operatingsystem
108.11.20 12:30 B C:\Program Files\Apache Group\Apache2\cgi-bin\onlineTPP\data\taxonomy\opponent --> www.clres.com /cgi-bin/onlineTPP/data/taxonomy opponent
108.11.20 12:30 B C:\Program Files\Apache Group\Apache2\cgi-bin\onlineTPP\data\taxonomy\origin --> www.clres.com /cgi-bin/onlineTPP/data/taxonomy origin
108.11.20 12:30 B C:\Program Files\Apache Group\Apache2\cgi-bin\onlineTPP\data\taxonomy\origincleft --> www.clres.com /cgi-bin/onlineTPP/data/taxonomy origincleft
108.11.20 12:30 B C:\Program Files\Apache Group\Apache2\cgi-bin\onlineTPP\data\taxonomy\originofknowledge --> www.clres.com /cgi-bin/onlineTPP/data/taxonomy originofknowledge
108.11.20 12:30 B C:\Program Files\Apache Group\Apache2\cgi-bin\onlineTPP\data\taxonomy\originofmeasure --> www.clres.com /cgi-bin/onlineTPP/data/taxonomy originofmeasure
108.11.20 12:30 B C:\Program Files\Apache Group\Apache2\cgi-bin\onlineTPP\data\taxonomy\outcomedesired --> www.clres.com /cgi-bin/onlineTPP/data/taxonomy outcomedesired
108.11.20 12:31 B C:\Program Files\Apache Group\Apache2\cgi-bin\onlineTPP\data\taxonomy\ownerofattribute --> www.clres.com /cgi-bin/onlineTPP/data/taxonomy ownerofattribute
108.11.20 12:31 B C:\Program Files\Apache Group\Apache2\cgi-bin\onlineTPP\data\taxonomy\paircontrasting --> www.clres.com /cgi-bin/onlineTPP/data/taxonomy paircontrasting
108.11.20 12:31 B C:\Program Files\Apache Group\Apache2\cgi-bin\onlineTPP\data\taxonomy\paragon --> www.clres.com /cgi-bin/onlineTPP/data/taxonomy paragon
108.11.20 12:31 B C:\Program Files\Apache Group\Apache2\cgi-bin\onlineTPP\data\taxonomy\parent --> www.clres.com /cgi-bin/onlineTPP/data/taxonomy parent
108.11.20 12:31 B C:\Program Files\Apache Group\Apache2\cgi-bin\onlineTPP\data\taxonomy\participants --> www.clres.com /cgi-bin/onlineTPP/data/taxonomy participants
108.11.20 12:31 B C:\Program Files\Apache Group\Apache2\cgi-bin\onlineTPP\data\taxonomy\partiesjoined --> www.clres.com /cgi-bin/onlineTPP/data/taxonomy partiesjoined
108.11.20 12:31 B C:\Program Files\Apache Group\Apache2\cgi-bin\onlineTPP\data\taxonomy\partner --> www.clres.com /cgi-bin/onlineTPP/data/taxonomy partner
108.11.20 12:31 B C:\Program Files\Apache Group\Apache2\cgi-bin\onlineTPP\data\taxonomy\party --> www.clres.com /cgi-bin/onlineTPP/data/taxonomy party
108.11.20 12:31 B C:\Program Files\Apache Group\Apache2\cgi-bin\onlineTPP\data\taxonomy\partyaccepting --> www.clres.com /cgi-bin/onlineTPP/data/taxonomy partyaccepting
108.11.20 12:31 B C:\Program Files\Apache Group\Apache2\cgi-bin\onlineTPP\data\taxonomy\partyanticipating --> www.clres.com /cgi-bin/onlineTPP/data/taxonomy partyanticipating
108.11.20 12:31 B C:\Program Files\Apache Group\Apache2\cgi-bin\onlineTPP\data\taxonomy\partybordering --> www.clres.com /cgi-bin/onlineTPP/data/taxonomy partybordering
108.11.20 12:31 B C:\Program Files\Apache Group\Apache2\cgi-bin\onlineTPP\data\taxonomy\partycaredfor --> www.clres.com /cgi-bin/onlineTPP/data/taxonomy partycaredfor
108.11.20 12:31 B C:\Program Files\Apache Group\Apache2\cgi-bin\onlineTPP\data\taxonomy\partycommemorated --> www.clres.com /cgi-bin/onlineTPP/data/taxonomy partycommemorated
108.11.20 12:31 B C:\Program Files\Apache Group\Apache2\cgi-bin\onlineTPP\data\taxonomy\partycopulating --> www.clres.com /cgi-bin/onlineTPP/data/taxonomy partycopulating
108.11.20 12:31 B C:\Program Files\Apache Group\Apache2\cgi-bin\onlineTPP\data\taxonomy\partydeceased --> www.clres.com /cgi-bin/onlineTPP/data/taxonomy partydeceased
108.11.20 12:31 B C:\Program Files\Apache Group\Apache2\cgi-bin\onlineTPP\data\taxonomy\partydisfavored --> www.clres.com /cgi-bin/onlineTPP/data/taxonomy partydisfavored
108.11.20 12:31 B C:\Program Files\Apache Group\Apache2\cgi-bin\onlineTPP\data\taxonomy\partyenclosing --> www.clres.com /cgi-bin/onlineTPP/data/taxonomy partyenclosing
108.11.20 12:31 B C:\Program Files\Apache Group\Apache2\cgi-bin\onlineTPP\data\taxonomy\partyflummoxed --> www.clres.com /cgi-bin/onlineTPP/data/taxonomy partyflummoxed
108.11.20 12:31 B C:\Program Files\Apache Group\Apache2\cgi-bin\onlineTPP\data\taxonomy\partyinvoked --> www.clres.com /cgi-bin/onlineTPP/data/taxonomy partyinvoked
108.11.20 12:31 B C:\Program Files\Apache Group\Apache2\cgi-bin\onlineTPP\data\taxonomy\partynamed --> www.clres.com /cgi-bin/onlineTPP/data/taxonomy partynamed
108.11.20 12:31 B C:\Program Files\Apache Group\Apache2\cgi-bin\onlineTPP\data\taxonomy\partyoutofcharacter --> www.clres.com /cgi-bin/onlineTPP/data/taxonomy partyoutofcharacter
108.11.20 12:31 B C:\Program Files\Apache Group\Apache2\cgi-bin\onlineTPP\data\taxonomy\partyowed --> www.clres.com /cgi-bin/onlineTPP/data/taxonomy partyowed
108.11.20 12:31 B C:\Program Files\Apache Group\Apache2\cgi-bin\onlineTPP\data\taxonomy\partypaying --> www.clres.com /cgi-bin/onlineTPP/data/taxonomy partypaying
108.11.20 12:31 B C:\Program Files\Apache Group\Apache2\cgi-bin\onlineTPP\data\taxonomy\partypresent --> www.clres.com /cgi-bin/onlineTPP/data/taxonomy partypresent
108.11.20 12:31 B C:\Program Files\Apache Group\Apache2\cgi-bin\onlineTPP\data\taxonomy\partyrepresented --> www.clres.com /cgi-bin/onlineTPP/data/taxonomy partyrepresented
108.11.20 12:31 B C:\Program Files\Apache Group\Apache2\cgi-bin\onlineTPP\data\taxonomy\partyrequired --> www.clres.com /cgi-bin/onlineTPP/data/taxonomy partyrequired
108.11.20 12:31 B C:\Program Files\Apache Group\Apache2\cgi-bin\onlineTPP\data\taxonomy\partyrespected --> www.clres.com /cgi-bin/onlineTPP/data/taxonomy partyrespected
108.11.20 12:31 B C:\Program Files\Apache Group\Apache2\cgi-bin\onlineTPP\data\taxonomy\partyresponsible --> www.clres.com /cgi-bin/onlineTPP/data/taxonomy partyresponsible
108.11.20 12:31 B C:\Program Files\Apache Group\Apache2\cgi-bin\onlineTPP\data\taxonomy\partysupported --> www.clres.com /cgi-bin/onlineTPP/data/taxonomy partysupported
108.11.20 12:31 B C:\Program Files\Apache Group\Apache2\cgi-bin\onlineTPP\data\taxonomy\partyworthier --> www.clres.com /cgi-bin/onlineTPP/data/taxonomy partyworthier
108.11.20 12:31 B C:\Program Files\Apache Group\Apache2\cgi-bin\onlineTPP\data\taxonomy\path --> www.clres.com /cgi-bin/onlineTPP/data/taxonomy path
108.11.20 12:31 B C:\Program Files\Apache Group\Apache2\cgi-bin\onlineTPP\data\taxonomy\pathofprogress --> www.clres.com /cgi-bin/onlineTPP/data/taxonomy pathofprogress
108.11.20 12:31 B C:\Program Files\Apache Group\Apache2\cgi-bin\onlineTPP\data\taxonomy\peer --> www.clres.com /cgi-bin/onlineTPP/data/taxonomy peer
108.11.20 12:31 B C:\Program Files\Apache Group\Apache2\cgi-bin\onlineTPP\data\taxonomy\penalty --> www.clres.com /cgi-bin/onlineTPP/data/taxonomy penalty
108.11.20 12:31 B C:\Program Files\Apache Group\Apache2\cgi-bin\onlineTPP\data\taxonomy\periodbisected --> www.clres.com /cgi-bin/onlineTPP/data/taxonomy periodbisected
108.11.20 12:31 B C:\Program Files\Apache Group\Apache2\cgi-bin\onlineTPP\data\taxonomy\periodenduring --> www.clres.com /cgi-bin/onlineTPP/data/taxonomy periodenduring
108.11.20 12:31 B C:\Program Files\Apache Group\Apache2\cgi-bin\onlineTPP\data\taxonomy\periodlimit --> www.clres.com /cgi-bin/onlineTPP/data/taxonomy periodlimit
108.11.20 12:31 B C:\Program Files\Apache Group\Apache2\cgi-bin\onlineTPP\data\taxonomy\periodlimiting --> www.clres.com /cgi-bin/onlineTPP/data/taxonomy periodlimiting
108.11.20 12:31 B C:\Program Files\Apache Group\Apache2\cgi-bin\onlineTPP\data\taxonomy\periodofactivity --> www.clres.com /cgi-bin/onlineTPP/data/taxonomy periodofactivity
108.11.20 12:31 B C:\Program Files\Apache Group\Apache2\cgi-bin\onlineTPP\data\taxonomy\periodrepeated --> www.clres.com /cgi-bin/onlineTPP/data/taxonomy periodrepeated
108.11.20 12:31 B C:\Program Files\Apache Group\Apache2\cgi-bin\onlineTPP\data\taxonomy\periodsurveyed --> www.clres.com /cgi-bin/onlineTPP/data/taxonomy periodsurveyed
108.11.20 12:31 B C:\Program Files\Apache Group\Apache2\cgi-bin\onlineTPP\data\taxonomy\periodtraversed --> www.clres.com /cgi-bin/onlineTPP/data/taxonomy periodtraversed
108.11.20 12:31 B C:\Program Files\Apache Group\Apache2\cgi-bin\onlineTPP\data\taxonomy\personinfront --> www.clres.com /cgi-bin/onlineTPP/data/taxonomy personinfront
108.11.20 12:31 B C:\Program Files\Apache Group\Apache2\cgi-bin\onlineTPP\data\taxonomy\place --> www.clres.com /cgi-bin/onlineTPP/data/taxonomy place
108.11.20 12:31 B C:\Program Files\Apache Group\Apache2\cgi-bin\onlineTPP\data\taxonomy\placeabandoned --> www.clres.com /cgi-bin/onlineTPP/data/taxonomy placeabandoned
108.11.20 12:31 B C:\Program Files\Apache Group\Apache2\cgi-bin\onlineTPP\data\taxonomy\placealignedto --> www.clres.com /cgi-bin/onlineTPP/data/taxonomy placealignedto
108.11.20 12:31 B C:\Program Files\Apache Group\Apache2\cgi-bin\onlineTPP\data\taxonomy\placebeside --> www.clres.com /cgi-bin/onlineTPP/data/taxonomy placebeside
108.11.20 12:31 B C:\Program Files\Apache Group\Apache2\cgi-bin\onlineTPP\data\taxonomy\placebisected --> www.clres.com /cgi-bin/onlineTPP/data/taxonomy placebisected
108.11.20 12:31 B C:\Program Files\Apache Group\Apache2\cgi-bin\onlineTPP\data\taxonomy\placecoastal --> www.clres.com /cgi-bin/onlineTPP/data/taxonomy placecoastal
108.11.20 12:31 B C:\Program Files\Apache Group\Apache2\cgi-bin\onlineTPP\data\taxonomy\placedownstream --> www.clres.com /cgi-bin/onlineTPP/data/taxonomy placedownstream
108.11.20 12:31 B C:\Program Files\Apache Group\Apache2\cgi-bin\onlineTPP\data\taxonomy\placefurtheralong --> www.clres.com /cgi-bin/onlineTPP/data/taxonomy placefurtheralong
108.11.20 12:31 B C:\Program Files\Apache Group\Apache2\cgi-bin\onlineTPP\data\taxonomy\placeofobserver --> www.clres.com /cgi-bin/onlineTPP/data/taxonomy placeofobserver
108.11.20 12:31 B C:\Program Files\Apache Group\Apache2\cgi-bin\onlineTPP\data\taxonomy\placeoforigin --> www.clres.com /cgi-bin/onlineTPP/data/taxonomy placeoforigin
108.11.20 12:31 B C:\Program Files\Apache Group\Apache2\cgi-bin\onlineTPP\data\taxonomy\placepassed --> www.clres.com /cgi-bin/onlineTPP/data/taxonomy placepassed
108.11.20 12:31 B C:\Program Files\Apache Group\Apache2\cgi-bin\onlineTPP\data\taxonomy\placepast --> www.clres.com /cgi-bin/onlineTPP/data/taxonomy placepast
108.11.20 12:31 B C:\Program Files\Apache Group\Apache2\cgi-bin\onlineTPP\data\taxonomy\placerelative --> www.clres.com /cgi-bin/onlineTPP/data/taxonomy placerelative
108.11.20 12:31 B C:\Program Files\Apache Group\Apache2\cgi-bin\onlineTPP\data\taxonomy\placesaturated --> www.clres.com /cgi-bin/onlineTPP/data/taxonomy placesaturated
108.11.20 12:31 B C:\Program Files\Apache Group\Apache2\cgi-bin\onlineTPP\data\taxonomy\placesurrounding --> www.clres.com /cgi-bin/onlineTPP/data/taxonomy placesurrounding
108.11.20 12:31 B C:\Program Files\Apache Group\Apache2\cgi-bin\onlineTPP\data\taxonomy\placetraversed --> www.clres.com /cgi-bin/onlineTPP/data/taxonomy placetraversed
108.11.20 12:31 B C:\Program Files\Apache Group\Apache2\cgi-bin\onlineTPP\data\taxonomy\possession --> www.clres.com /cgi-bin/onlineTPP/data/taxonomy possession
108.11.20 12:31 B C:\Program Files\Apache Group\Apache2\cgi-bin\onlineTPP\data\taxonomy\possessor --> www.clres.com /cgi-bin/onlineTPP/data/taxonomy possessor
108.11.20 12:31 B C:\Program Files\Apache Group\Apache2\cgi-bin\onlineTPP\data\taxonomy\price --> www.clres.com /cgi-bin/onlineTPP/data/taxonomy price
108.11.20 12:31 B C:\Program Files\Apache Group\Apache2\cgi-bin\onlineTPP\data\taxonomy\professionaspect --> www.clres.com /cgi-bin/onlineTPP/data/taxonomy professionaspect
108.11.20 12:31 B C:\Program Files\Apache Group\Apache2\cgi-bin\onlineTPP\data\taxonomy\purpose --> www.clres.com /cgi-bin/onlineTPP/data/taxonomy purpose
108.11.20 12:31 B C:\Program Files\Apache Group\Apache2\cgi-bin\onlineTPP\data\taxonomy\quantity --> www.clres.com /cgi-bin/onlineTPP/data/taxonomy quantity
108.11.20 12:31 B C:\Program Files\Apache Group\Apache2\cgi-bin\onlineTPP\data\taxonomy\quantityabove --> www.clres.com /cgi-bin/onlineTPP/data/taxonomy quantityabove
108.11.20 12:31 B C:\Program Files\Apache Group\Apache2\cgi-bin\onlineTPP\data\taxonomy\quantitysurpassed --> www.clres.com /cgi-bin/onlineTPP/data/taxonomy quantitysurpassed
108.11.20 12:31 B C:\Program Files\Apache Group\Apache2\cgi-bin\onlineTPP\data\taxonomy\rangestart --> www.clres.com /cgi-bin/onlineTPP/data/taxonomy rangestart
108.11.20 12:31 B C:\Program Files\Apache Group\Apache2\cgi-bin\onlineTPP\data\taxonomy\rangeterminus --> www.clres.com /cgi-bin/onlineTPP/data/taxonomy rangeterminus
108.11.20 12:31 B C:\Program Files\Apache Group\Apache2\cgi-bin\onlineTPP\data\taxonomy\ratiodenominator --> www.clres.com /cgi-bin/onlineTPP/data/taxonomy ratiodenominator
108.11.20 12:31 B C:\Program Files\Apache Group\Apache2\cgi-bin\onlineTPP\data\taxonomy\reaction --> www.clres.com /cgi-bin/onlineTPP/data/taxonomy reaction
108.11.20 12:31 B C:\Program Files\Apache Group\Apache2\cgi-bin\onlineTPP\data\taxonomy\receiverofmail --> www.clres.com /cgi-bin/onlineTPP/data/taxonomy receiverofmail
108.11.20 12:31 B C:\Program Files\Apache Group\Apache2\cgi-bin\onlineTPP\data\taxonomy\recipient --> www.clres.com /cgi-bin/onlineTPP/data/taxonomy recipient
108.11.20 12:31 B C:\Program Files\Apache Group\Apache2\cgi-bin\onlineTPP\data\taxonomy\referent --> www.clres.com /cgi-bin/onlineTPP/data/taxonomy referent
108.11.20 12:31 B C:\Program Files\Apache Group\Apache2\cgi-bin\onlineTPP\data\taxonomy\repository --> www.clres.com /cgi-bin/onlineTPP/data/taxonomy repository
108.11.20 12:31 B C:\Program Files\Apache Group\Apache2\cgi-bin\onlineTPP\data\taxonomy\residence --> www.clres.com /cgi-bin/onlineTPP/data/taxonomy residence
108.11.20 12:31 B C:\Program Files\Apache Group\Apache2\cgi-bin\onlineTPP\data\taxonomy\resistantsurface --> www.clres.com /cgi-bin/onlineTPP/data/taxonomy resistantsurface
108.11.20 12:31 B C:\Program Files\Apache Group\Apache2\cgi-bin\onlineTPP\data\taxonomy\roadway --> www.clres.com /cgi-bin/onlineTPP/data/taxonomy roadway
108.11.20 12:31 B C:\Program Files\Apache Group\Apache2\cgi-bin\onlineTPP\data\taxonomy\role --> www.clres.com /cgi-bin/onlineTPP/data/taxonomy role
108.11.20 12:31 B C:\Program Files\Apache Group\Apache2\cgi-bin\onlineTPP\data\taxonomy\route --> www.clres.com /cgi-bin/onlineTPP/data/taxonomy route
108.11.20 12:31 B C:\Program Files\Apache Group\Apache2\cgi-bin\onlineTPP\data\taxonomy\rule --> www.clres.com /cgi-bin/onlineTPP/data/taxonomy rule
108.11.20 12:31 B C:\Program Files\Apache Group\Apache2\cgi-bin\onlineTPP\data\taxonomy\ruler --> www.clres.com /cgi-bin/onlineTPP/data/taxonomy ruler
108.11.20 12:31 B C:\Program Files\Apache Group\Apache2\cgi-bin\onlineTPP\data\taxonomy\runnerup --> www.clres.com /cgi-bin/onlineTPP/data/taxonomy runnerup
108.11.20 12:31 B C:\Program Files\Apache Group\Apache2\cgi-bin\onlineTPP\data\taxonomy\scalar --> www.clres.com /cgi-bin/onlineTPP/data/taxonomy scalar
108.11.20 12:31 B C:\Program Files\Apache Group\Apache2\cgi-bin\onlineTPP\data\taxonomy\scaleend --> www.clres.com /cgi-bin/onlineTPP/data/taxonomy scaleend
108.11.20 12:31 B C:\Program Files\Apache Group\Apache2\cgi-bin\onlineTPP\data\taxonomy\scaleends --> www.clres.com /cgi-bin/onlineTPP/data/taxonomy scaleends
108.11.20 12:31 B C:\Program Files\Apache Group\Apache2\cgi-bin\onlineTPP\data\taxonomy\scaleofreference --> www.clres.com /cgi-bin/onlineTPP/data/taxonomy scaleofreference
108.11.20 12:31 B C:\Program Files\Apache Group\Apache2\cgi-bin\onlineTPP\data\taxonomy\seriesitem --> www.clres.com /cgi-bin/onlineTPP/data/taxonomy seriesitem
108.11.20 12:31 B C:\Program Files\Apache Group\Apache2\cgi-bin\onlineTPP\data\taxonomy\shippart --> www.clres.com /cgi-bin/onlineTPP/data/taxonomy shippart
108.11.20 12:31 B C:\Program Files\Apache Group\Apache2\cgi-bin\onlineTPP\data\taxonomy\skill --> www.clres.com /cgi-bin/onlineTPP/data/taxonomy skill
108.11.20 12:31 B C:\Program Files\Apache Group\Apache2\cgi-bin\onlineTPP\data\taxonomy\soundacccompanying --> www.clres.com /cgi-bin/onlineTPP/data/taxonomy soundacccompanying
108.11.20 12:31 B C:\Program Files\Apache Group\Apache2\cgi-bin\onlineTPP\data\taxonomy\sourceofgoods --> www.clres.com /cgi-bin/onlineTPP/data/taxonomy sourceofgoods
108.11.20 12:31 B C:\Program Files\Apache Group\Apache2\cgi-bin\onlineTPP\data\taxonomy\spatial --> www.clres.com /cgi-bin/onlineTPP/data/taxonomy spatial
108.11.20 12:31 B C:\Program Files\Apache Group\Apache2\cgi-bin\onlineTPP\data\taxonomy\species --> www.clres.com /cgi-bin/onlineTPP/data/taxonomy species
108.11.20 12:31 B C:\Program Files\Apache Group\Apache2\cgi-bin\onlineTPP\data\taxonomy\standard --> www.clres.com /cgi-bin/onlineTPP/data/taxonomy standard
108.11.20 12:31 B C:\Program Files\Apache Group\Apache2\cgi-bin\onlineTPP\data\taxonomy\standardmissed --> www.clres.com /cgi-bin/onlineTPP/data/taxonomy standardmissed
108.11.20 12:31 B C:\Program Files\Apache Group\Apache2\cgi-bin\onlineTPP\data\taxonomy\stimulus --> www.clres.com /cgi-bin/onlineTPP/data/taxonomy stimulus
108.11.20 12:31 B C:\Program Files\Apache Group\Apache2\cgi-bin\onlineTPP\data\taxonomy\subject --> www.clres.com /cgi-bin/onlineTPP/data/taxonomy subject
108.11.20 12:31 B C:\Program Files\Apache Group\Apache2\cgi-bin\onlineTPP\data\taxonomy\subject considered --> www.clres.com /cgi-bin/onlineTPP/data/taxonomy subject considered
108.11.20 12:31 B C:\Program Files\Apache Group\Apache2\cgi-bin\onlineTPP\data\taxonomy\subjectagreedwith --> www.clres.com /cgi-bin/onlineTPP/data/taxonomy subjectagreedwith
108.11.20 12:31 B C:\Program Files\Apache Group\Apache2\cgi-bin\onlineTPP\data\taxonomy\subjectconsidered --> www.clres.com /cgi-bin/onlineTPP/data/taxonomy subjectconsidered
108.11.20 12:31 B C:\Program Files\Apache Group\Apache2\cgi-bin\onlineTPP\data\taxonomy\subjectdisagreedwith --> www.clres.com /cgi-bin/onlineTPP/data/taxonomy subjectdisagreedwith
108.11.20 12:31 B C:\Program Files\Apache Group\Apache2\cgi-bin\onlineTPP\data\taxonomy\subjectreferenced --> www.clres.com /cgi-bin/onlineTPP/data/taxonomy subjectreferenced
108.11.20 12:31 B C:\Program Files\Apache Group\Apache2\cgi-bin\onlineTPP\data\taxonomy\substance --> www.clres.com /cgi-bin/onlineTPP/data/taxonomy substance
108.11.20 12:31 B C:\Program Files\Apache Group\Apache2\cgi-bin\onlineTPP\data\taxonomy\substanceabandoned --> www.clres.com /cgi-bin/onlineTPP/data/taxonomy substanceabandoned
108.11.20 12:31 B C:\Program Files\Apache Group\Apache2\cgi-bin\onlineTPP\data\taxonomy\subtrahend --> www.clres.com /cgi-bin/onlineTPP/data/taxonomy subtrahend
108.11.20 12:31 B C:\Program Files\Apache Group\Apache2\cgi-bin\onlineTPP\data\taxonomy\sum --> www.clres.com /cgi-bin/onlineTPP/data/taxonomy sum
108.11.20 12:31 B C:\Program Files\Apache Group\Apache2\cgi-bin\onlineTPP\data\taxonomy\sumbasis --> www.clres.com /cgi-bin/onlineTPP/data/taxonomy sumbasis
108.11.20 12:31 B C:\Program Files\Apache Group\Apache2\cgi-bin\onlineTPP\data\taxonomy\surfaceresisting --> www.clres.com /cgi-bin/onlineTPP/data/taxonomy surfaceresisting
108.11.20 12:31 B C:\Program Files\Apache Group\Apache2\cgi-bin\onlineTPP\data\taxonomy\surfacesupporting --> www.clres.com /cgi-bin/onlineTPP/data/taxonomy surfacesupporting
108.11.20 12:31 B C:\Program Files\Apache Group\Apache2\cgi-bin\onlineTPP\data\taxonomy\tandem --> www.clres.com /cgi-bin/onlineTPP/data/taxonomy tandem
108.11.20 12:31 B C:\Program Files\Apache Group\Apache2\cgi-bin\onlineTPP\data\taxonomy\target --> www.clres.com /cgi-bin/onlineTPP/data/taxonomy target
108.11.20 12:31 B C:\Program Files\Apache Group\Apache2\cgi-bin\onlineTPP\data\taxonomy\targetmissed --> www.clres.com /cgi-bin/onlineTPP/data/taxonomy targetmissed
108.11.20 12:31 B C:\Program Files\Apache Group\Apache2\cgi-bin\onlineTPP\data\taxonomy\targetofaction --> www.clres.com /cgi-bin/onlineTPP/data/taxonomy targetofaction
108.11.20 12:31 B C:\Program Files\Apache Group\Apache2\cgi-bin\onlineTPP\data\taxonomy\targetofallusion --> www.clres.com /cgi-bin/onlineTPP/data/taxonomy targetofallusion
108.11.20 12:31 B C:\Program Files\Apache Group\Apache2\cgi-bin\onlineTPP\data\taxonomy\targetofattitude --> www.clres.com /cgi-bin/onlineTPP/data/taxonomy targetofattitude
108.11.20 12:31 B C:\Program Files\Apache Group\Apache2\cgi-bin\onlineTPP\data\taxonomy\targetofbehavior --> www.clres.com /cgi-bin/onlineTPP/data/taxonomy targetofbehavior
108.11.20 12:31 B C:\Program Files\Apache Group\Apache2\cgi-bin\onlineTPP\data\taxonomy\targetofblow --> www.clres.com /cgi-bin/onlineTPP/data/taxonomy targetofblow
108.11.20 12:31 B C:\Program Files\Apache Group\Apache2\cgi-bin\onlineTPP\data\taxonomy\targetofdisplay --> www.clres.com /cgi-bin/onlineTPP/data/taxonomy targetofdisplay
108.11.20 12:31 B C:\Program Files\Apache Group\Apache2\cgi-bin\onlineTPP\data\taxonomy\targetofimitation --> www.clres.com /cgi-bin/onlineTPP/data/taxonomy targetofimitation
108.11.20 12:31 B C:\Program Files\Apache Group\Apache2\cgi-bin\onlineTPP\data\taxonomy\targetofmotion --> www.clres.com /cgi-bin/onlineTPP/data/taxonomy targetofmotion
108.11.20 12:31 B C:\Program Files\Apache Group\Apache2\cgi-bin\onlineTPP\data\taxonomy\targetofpursuit --> www.clres.com /cgi-bin/onlineTPP/data/taxonomy targetofpursuit
108.11.20 12:31 B C:\Program Files\Apache Group\Apache2\cgi-bin\onlineTPP\data\taxonomy\targetofspending --> www.clres.com /cgi-bin/onlineTPP/data/taxonomy targetofspending
108.11.20 12:31 B C:\Program Files\Apache Group\Apache2\cgi-bin\onlineTPP\data\taxonomy\targetreceptacle --> www.clres.com /cgi-bin/onlineTPP/data/taxonomy targetreceptacle
108.11.20 12:31 B C:\Program Files\Apache Group\Apache2\cgi-bin\onlineTPP\data\taxonomy\temporal --> www.clres.com /cgi-bin/onlineTPP/data/taxonomy temporal
108.11.20 12:31 B C:\Program Files\Apache Group\Apache2\cgi-bin\onlineTPP\data\taxonomy\terminterpreted --> www.clres.com /cgi-bin/onlineTPP/data/taxonomy terminterpreted
108.11.20 12:31 B C:\Program Files\Apache Group\Apache2\cgi-bin\onlineTPP\data\taxonomy\thingabove --> www.clres.com /cgi-bin/onlineTPP/data/taxonomy thingabove
108.11.20 12:31 B C:\Program Files\Apache Group\Apache2\cgi-bin\onlineTPP\data\taxonomy\thingadditional --> www.clres.com /cgi-bin/onlineTPP/data/taxonomy thingadditional
108.11.20 12:31 B C:\Program Files\Apache Group\Apache2\cgi-bin\onlineTPP\data\taxonomy\thingadjacent --> www.clres.com /cgi-bin/onlineTPP/data/taxonomy thingadjacent
108.11.20 12:31 B C:\Program Files\Apache Group\Apache2\cgi-bin\onlineTPP\data\taxonomy\thingaffected --> www.clres.com /cgi-bin/onlineTPP/data/taxonomy thingaffected
108.11.20 12:31 B C:\Program Files\Apache Group\Apache2\cgi-bin\onlineTPP\data\taxonomy\thingattainable --> www.clres.com /cgi-bin/onlineTPP/data/taxonomy thingattainable
108.11.20 12:31 B C:\Program Files\Apache Group\Apache2\cgi-bin\onlineTPP\data\taxonomy\thingblanketing --> www.clres.com /cgi-bin/onlineTPP/data/taxonomy thingblanketing
108.11.20 12:31 B C:\Program Files\Apache Group\Apache2\cgi-bin\onlineTPP\data\taxonomy\thingbored --> www.clres.com /cgi-bin/onlineTPP/data/taxonomy thingbored
108.11.20 12:31 B C:\Program Files\Apache Group\Apache2\cgi-bin\onlineTPP\data\taxonomy\thingbridged --> www.clres.com /cgi-bin/onlineTPP/data/taxonomy thingbridged
108.11.20 12:31 B C:\Program Files\Apache Group\Apache2\cgi-bin\onlineTPP\data\taxonomy\thingcamouflaging --> www.clres.com /cgi-bin/onlineTPP/data/taxonomy thingcamouflaging
108.11.20 12:31 B C:\Program Files\Apache Group\Apache2\cgi-bin\onlineTPP\data\taxonomy\thingcompleted --> www.clres.com /cgi-bin/onlineTPP/data/taxonomy thingcompleted
108.11.20 12:31 B C:\Program Files\Apache Group\Apache2\cgi-bin\onlineTPP\data\taxonomy\thingconfronting --> www.clres.com /cgi-bin/onlineTPP/data/taxonomy thingconfronting
108.11.20 12:31 B C:\Program Files\Apache Group\Apache2\cgi-bin\onlineTPP\data\taxonomy\thingconsidered --> www.clres.com /cgi-bin/onlineTPP/data/taxonomy thingconsidered
108.11.20 12:31 B C:\Program Files\Apache Group\Apache2\cgi-bin\onlineTPP\data\taxonomy\thingcontrasting --> www.clres.com /cgi-bin/onlineTPP/data/taxonomy thingcontrasting
108.11.20 12:31 B C:\Program Files\Apache Group\Apache2\cgi-bin\onlineTPP\data\taxonomy\thingcontrolled --> www.clres.com /cgi-bin/onlineTPP/data/taxonomy thingcontrolled
108.11.20 12:31 B C:\Program Files\Apache Group\Apache2\cgi-bin\onlineTPP\data\taxonomy\thingcontrolling --> www.clres.com /cgi-bin/onlineTPP/data/taxonomy thingcontrolling
108.11.20 12:31 B C:\Program Files\Apache Group\Apache2\cgi-bin\onlineTPP\data\taxonomy\thingcovered --> www.clres.com /cgi-bin/onlineTPP/data/taxonomy thingcovered
108.11.20 12:31 B C:\Program Files\Apache Group\Apache2\cgi-bin\onlineTPP\data\taxonomy\thingcrowded --> www.clres.com /cgi-bin/onlineTPP/data/taxonomy thingcrowded
108.11.20 12:31 B C:\Program Files\Apache Group\Apache2\cgi-bin\onlineTPP\data\taxonomy\thingdescended --> www.clres.com /cgi-bin/onlineTPP/data/taxonomy thingdescended
108.11.20 12:31 B C:\Program Files\Apache Group\Apache2\cgi-bin\onlineTPP\data\taxonomy\thingdescendedfrom --> www.clres.com /cgi-bin/onlineTPP/data/taxonomy thingdescendedfrom
108.11.20 12:31 B C:\Program Files\Apache Group\Apache2\cgi-bin\onlineTPP\data\taxonomy\thingdisregarded --> www.clres.com /cgi-bin/onlineTPP/data/taxonomy thingdisregarded
108.11.20 12:31 B C:\Program Files\Apache Group\Apache2\cgi-bin\onlineTPP\data\taxonomy\thingembodying --> www.clres.com /cgi-bin/onlineTPP/data/taxonomy thingembodying
108.11.20 12:31 B C:\Program Files\Apache Group\Apache2\cgi-bin\onlineTPP\data\taxonomy\thingencircled --> www.clres.com /cgi-bin/onlineTPP/data/taxonomy thingencircled
108.11.20 12:31 B C:\Program Files\Apache Group\Apache2\cgi-bin\onlineTPP\data\taxonomy\thingenclosing --> www.clres.com /cgi-bin/onlineTPP/data/taxonomy thingenclosing
108.11.20 12:31 B C:\Program Files\Apache Group\Apache2\cgi-bin\onlineTPP\data\taxonomy\thingentered --> www.clres.com /cgi-bin/onlineTPP/data/taxonomy thingentered
108.11.20 12:31 B C:\Program Files\Apache Group\Apache2\cgi-bin\onlineTPP\data\taxonomy\thingexchanged --> www.clres.com /cgi-bin/onlineTPP/data/taxonomy thingexchanged
108.11.20 12:31 B C:\Program Files\Apache Group\Apache2\cgi-bin\onlineTPP\data\taxonomy\thingexcluded --> www.clres.com /cgi-bin/onlineTPP/data/taxonomy thingexcluded
108.11.20 12:31 B C:\Program Files\Apache Group\Apache2\cgi-bin\onlineTPP\data\taxonomy\thingfacing --> www.clres.com /cgi-bin/onlineTPP/data/taxonomy thingfacing
108.11.20 12:31 B C:\Program Files\Apache Group\Apache2\cgi-bin\onlineTPP\data\taxonomy\thingfavored --> www.clres.com /cgi-bin/onlineTPP/data/taxonomy thingfavored
108.11.20 12:31 B C:\Program Files\Apache Group\Apache2\cgi-bin\onlineTPP\data\taxonomy\thingfollowed --> www.clres.com /cgi-bin/onlineTPP/data/taxonomy thingfollowed
108.11.20 12:31 B C:\Program Files\Apache Group\Apache2\cgi-bin\onlineTPP\data\taxonomy\thingincluded --> www.clres.com /cgi-bin/onlineTPP/data/taxonomy thingincluded
108.11.20 12:31 B C:\Program Files\Apache Group\Apache2\cgi-bin\onlineTPP\data\taxonomy\thinginfluencing --> www.clres.com /cgi-bin/onlineTPP/data/taxonomy thinginfluencing
108.11.20 12:31 B C:\Program Files\Apache Group\Apache2\cgi-bin\onlineTPP\data\taxonomy\thinginfront --> www.clres.com /cgi-bin/onlineTPP/data/taxonomy thinginfront
108.11.20 12:31 B C:\Program Files\Apache Group\Apache2\cgi-bin\onlineTPP\data\taxonomy\thinginspected --> www.clres.com /cgi-bin/onlineTPP/data/taxonomy thinginspected
108.11.20 12:31 B C:\Program Files\Apache Group\Apache2\cgi-bin\onlineTPP\data\taxonomy\thingintervening --> www.clres.com /cgi-bin/onlineTPP/data/taxonomy thingintervening
108.11.20 12:31 B C:\Program Files\Apache Group\Apache2\cgi-bin\onlineTPP\data\taxonomy\thingmastered --> www.clres.com /cgi-bin/onlineTPP/data/taxonomy thingmastered
108.11.20 12:31 B C:\Program Files\Apache Group\Apache2\cgi-bin\onlineTPP\data\taxonomy\thingmissing --> www.clres.com /cgi-bin/onlineTPP/data/taxonomy thingmissing
108.11.20 12:31 B C:\Program Files\Apache Group\Apache2\cgi-bin\onlineTPP\data\taxonomy\thingneeded --> www.clres.com /cgi-bin/onlineTPP/data/taxonomy thingneeded
108.11.20 12:31 B C:\Program Files\Apache Group\Apache2\cgi-bin\onlineTPP\data\taxonomy\thingnegated --> www.clres.com /cgi-bin/onlineTPP/data/taxonomy thingnegated
108.11.20 12:31 B C:\Program Files\Apache Group\Apache2\cgi-bin\onlineTPP\data\taxonomy\thingnotpreferred --> www.clres.com /cgi-bin/onlineTPP/data/taxonomy thingnotpreferred
108.11.20 12:31 B C:\Program Files\Apache Group\Apache2\cgi-bin\onlineTPP\data\taxonomy\thingnotpresent --> www.clres.com /cgi-bin/onlineTPP/data/taxonomy thingnotpresent
108.11.20 12:31 B C:\Program Files\Apache Group\Apache2\cgi-bin\onlineTPP\data\taxonomy\thingnotused --> www.clres.com /cgi-bin/onlineTPP/data/taxonomy thingnotused
108.11.20 12:31 B C:\Program Files\Apache Group\Apache2\cgi-bin\onlineTPP\data\taxonomy\thingorchestrated --> www.clres.com /cgi-bin/onlineTPP/data/taxonomy thingorchestrated
108.11.20 12:31 B C:\Program Files\Apache Group\Apache2\cgi-bin\onlineTPP\data\taxonomy\thingoutnumbered --> www.clres.com /cgi-bin/onlineTPP/data/taxonomy thingoutnumbered
108.11.20 12:31 B C:\Program Files\Apache Group\Apache2\cgi-bin\onlineTPP\data\taxonomy\thingoutranked --> www.clres.com /cgi-bin/onlineTPP/data/taxonomy thingoutranked
108.11.20 12:31 B C:\Program Files\Apache Group\Apache2\cgi-bin\onlineTPP\data\taxonomy\thingpassed --> www.clres.com /cgi-bin/onlineTPP/data/taxonomy thingpassed
108.11.20 12:31 B C:\Program Files\Apache Group\Apache2\cgi-bin\onlineTPP\data\taxonomy\thingpenetrated --> www.clres.com /cgi-bin/onlineTPP/data/taxonomy thingpenetrated
108.11.20 12:31 B C:\Program Files\Apache Group\Apache2\cgi-bin\onlineTPP\data\taxonomy\thingpermeated --> www.clres.com /cgi-bin/onlineTPP/data/taxonomy thingpermeated
108.11.20 12:31 B C:\Program Files\Apache Group\Apache2\cgi-bin\onlineTPP\data\taxonomy\thingpossessed --> www.clres.com /cgi-bin/onlineTPP/data/taxonomy thingpossessed
108.11.20 12:31 B C:\Program Files\Apache Group\Apache2\cgi-bin\onlineTPP\data\taxonomy\thingprevented --> www.clres.com /cgi-bin/onlineTPP/data/taxonomy thingprevented
108.11.20 12:31 B C:\Program Files\Apache Group\Apache2\cgi-bin\onlineTPP\data\taxonomy\thingrelegated --> www.clres.com /cgi-bin/onlineTPP/data/taxonomy thingrelegated
108.11.20 12:31 B C:\Program Files\Apache Group\Apache2\cgi-bin\onlineTPP\data\taxonomy\thingremoved --> www.clres.com /cgi-bin/onlineTPP/data/taxonomy thingremoved
108.11.20 12:31 B C:\Program Files\Apache Group\Apache2\cgi-bin\onlineTPP\data\taxonomy\thingreplaced --> www.clres.com /cgi-bin/onlineTPP/data/taxonomy thingreplaced
108.11.20 12:31 B C:\Program Files\Apache Group\Apache2\cgi-bin\onlineTPP\data\taxonomy\thingreplacing --> www.clres.com /cgi-bin/onlineTPP/data/taxonomy thingreplacing
108.11.20 12:31 B C:\Program Files\Apache Group\Apache2\cgi-bin\onlineTPP\data\taxonomy\thingrepresented --> www.clres.com /cgi-bin/onlineTPP/data/taxonomy thingrepresented
108.11.20 12:31 B C:\Program Files\Apache Group\Apache2\cgi-bin\onlineTPP\data\taxonomy\thingscaled --> www.clres.com /cgi-bin/onlineTPP/data/taxonomy thingscaled
108.11.20 12:31 B C:\Program Files\Apache Group\Apache2\cgi-bin\onlineTPP\data\taxonomy\thingsimilar --> www.clres.com /cgi-bin/onlineTPP/data/taxonomy thingsimilar
108.11.20 12:31 B C:\Program Files\Apache Group\Apache2\cgi-bin\onlineTPP\data\taxonomy\thingstraddled --> www.clres.com /cgi-bin/onlineTPP/data/taxonomy thingstraddled
108.11.20 12:31 B C:\Program Files\Apache Group\Apache2\cgi-bin\onlineTPP\data\taxonomy\thingsubstituting --> www.clres.com /cgi-bin/onlineTPP/data/taxonomy thingsubstituting
108.11.20 12:31 B C:\Program Files\Apache Group\Apache2\cgi-bin\onlineTPP\data\taxonomy\thingsupplemented --> www.clres.com /cgi-bin/onlineTPP/data/taxonomy thingsupplemented
108.11.20 12:31 B C:\Program Files\Apache Group\Apache2\cgi-bin\onlineTPP\data\taxonomy\thingsupplmented --> www.clres.com /cgi-bin/onlineTPP/data/taxonomy thingsupplmented
108.11.20 12:31 B C:\Program Files\Apache Group\Apache2\cgi-bin\onlineTPP\data\taxonomy\thingsurmounted --> www.clres.com /cgi-bin/onlineTPP/data/taxonomy thingsurmounted
108.11.20 12:31 B C:\Program Files\Apache Group\Apache2\cgi-bin\onlineTPP\data\taxonomy\thingsurrounded --> www.clres.com /cgi-bin/onlineTPP/data/taxonomy thingsurrounded
108.11.20 12:31 B C:\Program Files\Apache Group\Apache2\cgi-bin\onlineTPP\data\taxonomy\thingsurrounding --> www.clres.com /cgi-bin/onlineTPP/data/taxonomy thingsurrounding
108.11.20 12:31 B C:\Program Files\Apache Group\Apache2\cgi-bin\onlineTPP\data\taxonomy\thingsurveyed --> www.clres.com /cgi-bin/onlineTPP/data/taxonomy thingsurveyed
108.11.20 12:31 B C:\Program Files\Apache Group\Apache2\cgi-bin\onlineTPP\data\taxonomy\thingsurvived --> www.clres.com /cgi-bin/onlineTPP/data/taxonomy thingsurvived
108.11.20 12:31 B C:\Program Files\Apache Group\Apache2\cgi-bin\onlineTPP\data\taxonomy\thingtransited --> www.clres.com /cgi-bin/onlineTPP/data/taxonomy thingtransited
108.11.20 12:31 B C:\Program Files\Apache Group\Apache2\cgi-bin\onlineTPP\data\taxonomy\thingtraversed --> www.clres.com /cgi-bin/onlineTPP/data/taxonomy thingtraversed
108.11.20 12:31 B C:\Program Files\Apache Group\Apache2\cgi-bin\onlineTPP\data\taxonomy\thingvisible --> www.clres.com /cgi-bin/onlineTPP/data/taxonomy thingvisible
108.11.20 12:31 B C:\Program Files\Apache Group\Apache2\cgi-bin\onlineTPP\data\taxonomy\threat --> www.clres.com /cgi-bin/onlineTPP/data/taxonomy threat
108.11.20 12:31 B C:\Program Files\Apache Group\Apache2\cgi-bin\onlineTPP\data\taxonomy\timeapproached --> www.clres.com /cgi-bin/onlineTPP/data/taxonomy timeapproached
108.11.20 12:31 B C:\Program Files\Apache Group\Apache2\cgi-bin\onlineTPP\data\taxonomy\timebisected --> www.clres.com /cgi-bin/onlineTPP/data/taxonomy timebisected
108.11.20 12:31 B C:\Program Files\Apache Group\Apache2\cgi-bin\onlineTPP\data\taxonomy\timeboundary --> www.clres.com /cgi-bin/onlineTPP/data/taxonomy timeboundary
108.11.20 12:31 B C:\Program Files\Apache Group\Apache2\cgi-bin\onlineTPP\data\taxonomy\timeframe --> www.clres.com /cgi-bin/onlineTPP/data/taxonomy timeframe
108.11.20 12:32 B C:\Program Files\Apache Group\Apache2\cgi-bin\onlineTPP\data\taxonomy\timelater --> www.clres.com /cgi-bin/onlineTPP/data/taxonomy timelater
108.11.20 12:32 B C:\Program Files\Apache Group\Apache2\cgi-bin\onlineTPP\data\taxonomy\timeorigin --> www.clres.com /cgi-bin/onlineTPP/data/taxonomy timeorigin
108.11.20 12:32 B C:\Program Files\Apache Group\Apache2\cgi-bin\onlineTPP\data\taxonomy\timeperiod --> www.clres.com /cgi-bin/onlineTPP/data/taxonomy timeperiod
108.11.20 12:32 B C:\Program Files\Apache Group\Apache2\cgi-bin\onlineTPP\data\taxonomy\timepoint --> www.clres.com /cgi-bin/onlineTPP/data/taxonomy timepoint
108.11.20 12:32 B C:\Program Files\Apache Group\Apache2\cgi-bin\onlineTPP\data\taxonomy\timetargeted --> www.clres.com /cgi-bin/onlineTPP/data/taxonomy timetargeted
108.11.20 12:32 B C:\Program Files\Apache Group\Apache2\cgi-bin\onlineTPP\data\taxonomy\topic --> www.clres.com /cgi-bin/onlineTPP/data/taxonomy topic
108.11.20 12:32 B C:\Program Files\Apache Group\Apache2\cgi-bin\onlineTPP\data\taxonomy\transport --> www.clres.com /cgi-bin/onlineTPP/data/taxonomy transport
108.11.20 12:32 B C:\Program Files\Apache Group\Apache2\cgi-bin\onlineTPP\data\taxonomy\tributary --> www.clres.com /cgi-bin/onlineTPP/data/taxonomy tributary
108.11.20 12:32 B C:\Program Files\Apache Group\Apache2\cgi-bin\onlineTPP\data\taxonomy\unitname --> www.clres.com /cgi-bin/onlineTPP/data/taxonomy unitname
108.11.20 12:32 B C:\Program Files\Apache Group\Apache2\cgi-bin\onlineTPP\data\taxonomy\unitreference --> www.clres.com /cgi-bin/onlineTPP/data/taxonomy unitreference
108.11.20 12:32 B C:\Program Files\Apache Group\Apache2\cgi-bin\onlineTPP\data\taxonomy\unitsize --> www.clres.com /cgi-bin/onlineTPP/data/taxonomy unitsize
108.11.20 12:32 B C:\Program Files\Apache Group\Apache2\cgi-bin\onlineTPP\data\taxonomy\valuebasis --> www.clres.com /cgi-bin/onlineTPP/data/taxonomy valuebasis
108.11.20 12:32 B C:\Program Files\Apache Group\Apache2\cgi-bin\onlineTPP\data\taxonomy\variablequality --> www.clres.com /cgi-bin/onlineTPP/data/taxonomy variablequality
108.11.20 12:32 B C:\Program Files\Apache Group\Apache2\cgi-bin\onlineTPP\data\taxonomy\void --> www.clres.com /cgi-bin/onlineTPP/data/taxonomy void
108.11.20 12:32 B C:\Program Files\Apache Group\Apache2\cgi-bin\onlineTPP\data\taxonomy\watercourse --> www.clres.com /cgi-bin/onlineTPP/data/taxonomy watercourse
108.11.20 12:32 B C:\Program Files\Apache Group\Apache2\cgi-bin\onlineTPP\data\taxonomy\whole --> www.clres.com /cgi-bin/onlineTPP/data/taxonomy whole
